Determining if the pthread_create exist failed with the following output:
Change Dir: /home/detian/Dropbox/CS4758/rosws/scrubber/build/CMakeFiles/CMakeTmp

Run Build Command:/usr/bin/make "cmTryCompileExec51672468/fast"
make[1]: Entering directory `/media/DOCUMENTS/Dropbox/CS4758/rosws/scrubber/build/CMakeFiles/CMakeTmp'
/usr/bin/make -f CMakeFiles/cmTryCompileExec51672468.dir/build.make CMakeFiles/cmTryCompileExec51672468.dir/build
make[2]: Entering directory `/media/DOCUMENTS/Dropbox/CS4758/rosws/scrubber/build/CMakeFiles/CMakeTmp'
/usr/bin/cmake -E cmake_progress_report /home/detian/Dropbox/CS4758/rosws/scrubber/build/CMakeFiles/CMakeTmp/CMakeFiles 1
Building C object CMakeFiles/cmTryCompileExec51672468.dir/CheckSymbolExists.c.o
/usr/bin/gcc    -o CMakeFiles/cmTryCompileExec51672468.dir/CheckSymbolExists.c.o   -c /home/detian/Dropbox/CS4758/rosws/scrubber/build/CMakeFiles/CMakeTmp/CheckSymbolExists.c
Linking C executable cmTryCompileExec51672468
/usr/bin/cmake -E cmake_link_script CMakeFiles/cmTryCompileExec51672468.dir/link.txt --verbose=1
/usr/bin/gcc         CMakeFiles/cmTryCompileExec51672468.dir/CheckSymbolExists.c.o  -o cmTryCompileExec51672468 -rdynamic 
CMakeFiles/cmTryCompileExec51672468.dir/CheckSymbolExists.c.o: In function `main':
CheckSymbolExists.c:(.text+0x16): undefined reference to `pthread_create'
collect2: error: ld returned 1 exit status
make[2]: *** [cmTryCompileExec51672468] Error 1
make[2]: Leaving directory `/media/DOCUMENTS/Dropbox/CS4758/rosws/scrubber/build/CMakeFiles/CMakeTmp'
make[1]: Leaving directory `/media/DOCUMENTS/Dropbox/CS4758/rosws/scrubber/build/CMakeFiles/CMakeTmp'
make[1]: *** [cmTryCompileExec51672468/fast] Error 2

File /home/detian/Dropbox/CS4758/rosws/scrubber/build/CMakeFiles/CMakeTmp/CheckSymbolExists.c:
/* */
#include <pthread.h>

int main(int argc, char** argv)
{
  (void)argv;
#ifndef pthread_create
  return ((int*)(&pthread_create))[argc];
#else
  (void)argc;
  return 0;
#endif
}

Determining if the function pthread_create exists in the pthreads failed with the following output:
Change Dir: /home/detian/Dropbox/CS4758/rosws/scrubber/build/CMakeFiles/CMakeTmp

Run Build Command:/usr/bin/make "cmTryCompileExec3938031288/fast"
make[1]: Entering directory `/media/DOCUMENTS/Dropbox/CS4758/rosws/scrubber/build/CMakeFiles/CMakeTmp'
/usr/bin/make -f CMakeFiles/cmTryCompileExec3938031288.dir/build.make CMakeFiles/cmTryCompileExec3938031288.dir/build
make[2]: Entering directory `/media/DOCUMENTS/Dropbox/CS4758/rosws/scrubber/build/CMakeFiles/CMakeTmp'
/usr/bin/cmake -E cmake_progress_report /home/detian/Dropbox/CS4758/rosws/scrubber/build/CMakeFiles/CMakeTmp/CMakeFiles 1
Building C object CMakeFiles/cmTryCompileExec3938031288.dir/CheckFunctionExists.c.o
/usr/bin/gcc   -DCHECK_FUNCTION_EXISTS=pthread_create   -o CMakeFiles/cmTryCompileExec3938031288.dir/CheckFunctionExists.c.o   -c /usr/share/cmake-2.8/Modules/CheckFunctionExists.c
Linking C executable cmTryCompileExec3938031288
/usr/bin/cmake -E cmake_link_script CMakeFiles/cmTryCompileExec3938031288.dir/link.txt --verbose=1
/usr/bin/gcc     -DCHECK_FUNCTION_EXISTS=pthread_create    CMakeFiles/cmTryCompileExec3938031288.dir/CheckFunctionExists.c.o  -o cmTryCompileExec3938031288 -rdynamic -lpthreads 
/usr/bin/ld: cannot find -lpthreads
collect2: error: ld returned 1 exit status
make[2]: *** [cmTryCompileExec3938031288] Error 1
make[2]: Leaving directory `/media/DOCUMENTS/Dropbox/CS4758/rosws/scrubber/build/CMakeFiles/CMakeTmp'
make[1]: *** [cmTryCompileExec3938031288/fast] Error 2
make[1]: Leaving directory `/media/DOCUMENTS/Dropbox/CS4758/rosws/scrubber/build/CMakeFiles/CMakeTmp'


